Arguments: 
  /usr/bin/node /usr/share/yarn/bin/yarn.js --cwd electron list

PATH: 
  /home/jibe/bin:/home/jibe/.local/bin:/usr/local/sbin:/usr/local/bin:/usr/sbin:/usr/bin:/sbin:/bin:/usr/games:/usr/local/games:/snap/bin:/usr/lib/jvm/java-8-oracle/bin:/usr/lib/jvm/java-8-oracle/db/bin:/usr/lib/jvm/java-8-oracle/jre/bin

Yarn version: 
  1.5.1

Node version: 
  9.8.0

Platform: 
  linux x64

npm manifest: 
  {
    "name": "cheapExp",
    "version": "1.0.0",
    "description": "Explorer plus plus for archive",
    "main": "index.js",
    "scripts": {
      "flow": "flow",
      "test": "env NODE_PATH=$NODE_PATH:$PWD/src mocha --require babel-register",
      "buildDev": "webpack --progress --mode development",
      "buildProd": "webpack --progress --mode production",
      "devServer": "webpack-dev-server --mode development",
      "watchBuildDev": "webpack --watch --progress --mode development",
      "start": ""
    },
    "repository": {
      "type": "git",
      "url": "git+https://github.com/jeanbaptisteassouad/cheapExp.git"
    },
    "author": "",
    "license": "ISC",
    "bugs": {
      "url": "https://github.com/jeanbaptisteassouad/cheapExp/issues"
    },
    "homepage": "https://github.com/jeanbaptisteassouad/cheapExp#readme",
    "devDependencies": {
      "colors": "1.2.1",
      "chai-exclude": "1.0.8",
      "chai": "4.1.2",
      "mocha": "5.0.5",
      "babel-cli": "6.26.0",
      "babel-core": "6.26.0",
      "babel-loader": "7.1.3",
      "babel-preset-env": "1.6.1",
      "babel-preset-react": "6.24.1",
      "babel-preset-flow": "6.23.0",
      "babel-plugin-syntax-dynamic-import": "6.18.0",
      "babel-register": "6.26.0",
      "flow-webpack-plugin": "1.2.0",
      "flow-bin": "0.66.0",
      "copy-webpack-plugin": "4.5.1",
      "css-loader": "0.28.10",
      "style-loader": "0.20.3",
      "html-webpack-plugin": "3.2.0",
      "file-loader": "2.0.0",
      "worker-loader": "1.1.1",
      "webpack-dev-server": "3.1.1",
      "webpack-cli": "2.0.4",
      "webpack": "4.1.0"
    },
    "dependencies": {
      "jszip": "3.1.5",
      "electron-ga": "1.0.6",
      "file-saver": "1.3.3",
      "immutable": "4.0.0-rc.9",
      "react": "16.4.0",
      "react-dom": "16.4.0",
      "riek": "1.1.0"
    }
  }

yarn manifest: 
  No manifest

Lockfile: 
  No lockfile

Trace: 
  Error: No lockfile in this directory. Run `yarn install` to generate one.
      at new MessageError (/usr/share/yarn/lib/cli.js:186:110)
      at /usr/share/yarn/lib/cli.js:89389:13
      at <anonymous>
